<?xml version="1.0" encoding="UTF-8"?>
<testsuite xmlns:xsi="http://www.w3.org/2001/XMLSchema-instance" xsi:noNamespaceSchemaLocation="https://maven.apache.org/surefire/maven-surefire-plugin/xsd/surefire-test-report-3.0.xsd" version="3.0" name="ThongBaoBUSTest" time="0.579" tests="14" errors="0" skipped="0" failures="1">
  <properties>
[...]
</properties>
  <testcase name="testIsNumeric" classname="ThongBaoBUSTest" time="0.308"/>
  <testcase name="testAdd" classname="ThongBaoBUSTest" time="0.016"/>
  <testcase name="testSet" classname="ThongBaoBUSTest" time="0.024"/>
  <testcase name="testList" classname="ThongBaoBUSTest" time="0.01"/>
  <testcase name="testMain" classname="ThongBaoBUSTest" time="0.035">
    <system-out><![CDATA[true
true
true
ID Người gửi: admin
Tiêu đề: admin to ALL GV, HS
Nội dung: fe
Thời gian: 2024-10-07
Loại: ALL

ID Người gửi: GV1
Tiêu đề: GV toi CA lop 10A1
Nội dung: sc
Thời gian: 2024-10-07
Loại: 101

ID Người gửi: GV1
Tiêu đề: Gv 10A1 toi HSK242
Nội dung: csac
Thời gian: 2024-10-07
Loại: HSK242

ID Người gửi: admin
Tiêu đề: admin to HS
Nội dung: d
Thời gian: 2024-10-07
Loại: HS

ID Người gửi: HSK243
Tiêu đề: Tiêu đề
Nội dung: Nội dung
Thời gian: 2024-12-04
Loại: ALL

ID Người gửi: HSK244
Tiêu đề: Tiêu đề đã cập nhật
Nội dung: Nội dung
Thời gian: 2024-12-04
Loại: ALL

ID Người gửi: HSK240
Tiêu đề: Tiêu đề
Nội dung: Nội dung
Thời gian: 2024-12-04
Loại: ALL

ID Người gửi: admin
Tiêu đề: Nghỉ học
Nội dung: Nghỉ học này 5/12/2024
Thời gian: 2024-12-05
Loại: HS

ID Người gửi: HSK243
Tiêu đề: Tiêu đề
Nội dung: Nội dung
Thời gian: 2024-12-04
Loại: ALL

ID Người gửi: HSK244
Tiêu đề: Tiêu đề đã cập nhật
Nội dung: Nội dung
Thời gian: 2024-12-04
Loại: ALL

]]></system-out>
  </testcase>
  <testcase name="testGetWithValidID" classname="ThongBaoBUSTest" time="0.014"/>
  <testcase name="testGetList" classname="ThongBaoBUSTest" time="0.01"/>
  <testcase name="testGetWithInvalidID" classname="ThongBaoBUSTest" time="0.01"/>
  <testcase name="testDelete" classname="ThongBaoBUSTest" time="0.022"/>
  <testcase name="testAddWithDuplicateID" classname="ThongBaoBUSTest" time="0.027">
    <failure message="Thông báo trùng lặp không nên được thêm ==&gt; expected: &lt;1&gt; but was: &lt;2&gt;" type="org.opentest4j.AssertionFailedError"><![CDATA[org.opentest4j.AssertionFailedError: Thông báo trùng lặp không nên được thêm ==> expected: <1> but was: <2>
	at org.junit.jupiter.api.AssertionFailureBuilder.build(AssertionFailureBuilder.java:151)
	at org.junit.jupiter.api.AssertionFailureBuilder.buildAndThrow(AssertionFailureBuilder.java:132)
	at org.junit.jupiter.api.AssertEquals.failNotEqual(AssertEquals.java:197)
	at org.junit.jupiter.api.AssertEquals.assertEquals(AssertEquals.java:166)
	at org.junit.jupiter.api.Assertions.assertEquals(Assertions.java:664)
	at ThongBaoBUSTest.testAddWithDuplicateID(ThongBaoBUSTest.java:121)
	at java.base/java.lang.reflect.Method.invoke(Method.java:580)
	at java.base/java.util.ArrayList.forEach(ArrayList.java:1597)
	at java.base/java.util.ArrayList.forEach(ArrayList.java:1597)
]]></failure>
  </testcase>
  <testcase name="testListWithDatabase" classname="ThongBaoBUSTest" time="0.012"/>
  <testcase name="testSearch" classname="ThongBaoBUSTest" time="0.017">
    <system-out><![CDATA[true
true
]]></system-out>
  </testcase>
  <testcase name="testDeleteWithNonExistingID" classname="ThongBaoBUSTest" time="0.011"/>
  <testcase name="testSearchWithNonNumericLoaitb" classname="ThongBaoBUSTest" time="0.013"/>
</testsuite>