<?xml version="1.0" encoding="UTF-8"?>
<testsuite xmlns:xsi="http://www.w3.org/2001/XMLSchema-instance" xsi:noNamespaceSchemaLocation="https://maven.apache.org/surefire/maven-surefire-plugin/xsd/surefire-test-report-3.0.xsd" version="3.0" name="JunitTesting" time="0.231" tests="5" errors="0" skipped="0" failures="1">
  <properties>
[...]
</properties>
  <testcase name="testUpdateTaiKhoan_SuccessUpdate" classname="JunitTesting" time="0.023">
    <system-out><![CDATA[--- Test Case 1 --- 
Pass
]]></system-out>
  </testcase>
  <testcase name="testUpdateTaiKhoan_InvalidUsername" classname="JunitTesting" time="0.002">
    <system-out><![CDATA[--- Test Case 2 --- 
Pass
]]></system-out>
  </testcase>
  <testcase name="testUpdateTaiKhoan_InvalidRole" classname="JunitTesting" time="0.013">
    <failure message="expected: &lt;false&gt; but was: &lt;true&gt;" type="org.opentest4j.AssertionFailedError"><![CDATA[org.opentest4j.AssertionFailedError: expected: <false> but was: <true>
	at org.junit.jupiter.api.AssertionFailureBuilder.build(AssertionFailureBuilder.java:151)
	at org.junit.jupiter.api.AssertionFailureBuilder.buildAndThrow(AssertionFailureBuilder.java:132)
	at org.junit.jupiter.api.AssertFalse.failNotFalse(AssertFalse.java:63)
	at org.junit.jupiter.api.AssertFalse.assertFalse(AssertFalse.java:36)
	at org.junit.jupiter.api.AssertFalse.assertFalse(AssertFalse.java:31)
	at org.junit.jupiter.api.Assertions.assertFalse(Assertions.java:231)
	at JunitTesting.testUpdateTaiKhoan_InvalidRole(JunitTesting.java:89)
	at java.base/java.lang.reflect.Method.invoke(Method.java:580)
	at java.base/java.util.ArrayList.forEach(ArrayList.java:1597)
	at java.base/java.util.ArrayList.forEach(ArrayList.java:1597)
]]></failure>
    <system-out><![CDATA[--- Test Case 3 --- 
Fail
]]></system-out>
  </testcase>
  <testcase name="testUpdateTaiKhoan_NullOrEmptyData" classname="JunitTesting" time="0.001">
    <system-out><![CDATA[--- Test Case 4 --- 
Pass
]]></system-out>
  </testcase>
  <testcase name="testUpdateTaiKhoan_NoChangeOnFailure" classname="JunitTesting" time="0.001">
    <system-out><![CDATA[--- Test Case 5 --- 
Pass
]]></system-out>
  </testcase>
</testsuite>