<?xml version="1.0" encoding="UTF-8"?>
<testsuite xmlns:xsi="http://www.w3.org/2001/XMLSchema-instance" xsi:noNamespaceSchemaLocation="https://maven.apache.org/surefire/maven-surefire-plugin/xsd/surefire-test-report-3.0.xsd" version="3.0" name="DoiMatKhauTest" time="5.439" tests="12" errors="0" skipped="0" failures="0">
  <properties>
[...]
</properties>
  <testcase name="testChangePassword_ValidData" classname="DoiMatKhauTest" time="0.079">
    <system-out><![CDATA[        -- TestChangePassword_ValidData --
Expect: Đổi mật khẩu thành công
Actual: Đổi mật khẩu thành công
-- Test PASS --
]]></system-out>
  </testcase>
  <testcase name="testChangePassword_NoData" classname="DoiMatKhauTest" time="1.372">
    <system-out><![CDATA[        -- TestChangePassword_NoData --
Expect: Mật khẩu cũ không được để trống!
Actual: Mật khẩu cũ không được để trống!
-- Test PASS --
]]></system-out>
  </testcase>
  <testcase name="testChangePassword_NoOldPassword" classname="DoiMatKhauTest" time="0.414">
    <system-out><![CDATA[        -- testChangePassword_NoOldPassword --
Expect: Mật khẩu cũ không được để trống!
Actual: Mật khẩu cũ không được để trống!
-- Test PASS --
]]></system-out>
  </testcase>
  <testcase name="testChangePassword_IncorrectOldPassword" classname="DoiMatKhauTest" time="0.046">
    <system-out><![CDATA[        -- TestChangePassword_IncorrectOldPassword --
Expect: Mật khẩu cũ không đúng cho username
Actual: Mật khẩu cũ không đúng cho username
-- Test PASS --
]]></system-out>
    <system-err><![CDATA[thg 12 09, 2024 9:44:45 CH DAO.DoiMK_DAO changePassword
WARNING: Mật khẩu cũ không đúng cho username: userTest
]]></system-err>
  </testcase>
  <testcase name="testChangePassword_NoNewPasswordAndRenewPassword" classname="DoiMatKhauTest" time="0.23">
    <system-out><![CDATA[        -- TestChangePassword_NoNewPasswordAndRenewPassword --
Expect: Mật khẩu mới và mật khẩu nhập lại không được để trống!
Actual: Mật khẩu mới và mật khẩu nhập lại không được để trống!
-- Test PASS --
]]></system-out>
  </testcase>
  <testcase name="testChangePassword_NonewPassword" classname="DoiMatKhauTest" time="0.296">
    <system-out><![CDATA[        -- TesthangePassword_NonewPassword --
Expect: Mật khẩu mới không được để trống!
Actual: Mật khẩu mới không được để trống!
-- Test PASS --
]]></system-out>
  </testcase>
  <testcase name="testChangePassword_NoRenewPassword" classname="DoiMatKhauTest" time="0.322">
    <system-out><![CDATA[        -- TestChangePassword_NoRenewPassword --
Expect: Mật khẩu nhập lại không được để trống!
Actual: Mật khẩu nhập lại không được để trống!
-- Test PASS --
]]></system-out>
  </testcase>
  <testcase name="testChangePassword_IncorrectRenewPassword" classname="DoiMatKhauTest" time="0.316">
    <system-out><![CDATA[        -- TestChangePassword_IncorrectRenewPassword --
Expect: Mật khẩu mới và mật khẩu nhập lại không khớp!
Actual: Mật khẩu mới và mật khẩu nhập lại không khớp!
-- Test PASS --
]]></system-out>
  </testcase>
  <testcase name="testChangePassword_Under5LengthNewPassword" classname="DoiMatKhauTest" time="0.373">
    <system-out><![CDATA[        -- TestChangePassword_Under5LengthNewPassword --
Expect: Mật khẩu mới phải có ít nhất 5 ký tự!
Actual: Mật khẩu mới phải có ít nhất 5 ký tự!
-- Test PASS --
]]></system-out>
  </testcase>
  <testcase name="testChangePassword_SameOldAndNewPassword" classname="DoiMatKhauTest" time="0.508">
    <system-out><![CDATA[        -- TestChangePassword_SameOldAndNewPassword --
Expect: Mật khẩu mới và mật khẩu cũ không được trùng!
Actual: Mật khẩu mới và mật khẩu cũ không được trùng!
-- Test PASS --
]]></system-out>
  </testcase>
  <testcase name="testChangePassword_NewpasswordNoSpace" classname="DoiMatKhauTest" time="0.466">
    <system-out><![CDATA[        -- testChangePassword_NewpasswordNoSpace --
Expect: Mật khẩu không được chứa khoảng trắng.
Actual: Mật khẩu không được chứa khoảng trắng.
-- Test PASS --
]]></system-out>
  </testcase>
  <testcase name="testChangePassword_ReNewpasswordNoSpace" classname="DoiMatKhauTest" time="0.531">
    <system-out><![CDATA[        -- testChangePassword_NewpasswordNoSpace --
Expect: Mật khẩu nhập lại không được chứa khoảng trắng.
Actual: Mật khẩu nhập lại không được chứa khoảng trắng.
-- Test PASS --
]]></system-out>
  </testcase>
</testsuite>