<?xml version="1.0" encoding="UTF-8"?>
<testsuite xmlns:xsi="http://www.w3.org/2001/XMLSchema-instance" xsi:noNamespaceSchemaLocation="https://maven.apache.org/surefire/maven-surefire-plugin/xsd/surefire-test-report-3.0.xsd" version="3.0" name="SuaDiemTest" time="5.393" tests="9" errors="0" skipped="0" failures="0">
  <properties>
[...]
</properties>
  <testcase name="testChangePassword_ValidData" classname="SuaDiemTest" time="0.037">
    <system-out><![CDATA[        -- TestChangePassword_ValidData --
hoan thanh
Expect: Thay đổi mật khẩu THÀNH CÔNG
Actual: Thay đổi mật khẩu THÀNH CÔNG
-- Test PASS --
]]></system-out>
  </testcase>
  <testcase name="testChangePassword_NoData" classname="SuaDiemTest" time="1.783">
    <system-out><![CDATA[        -- TestChangePassword_NoData --
Actual: Thay đổi mật khẩu THẤT BẠI
Actual: Thay đổi mật khẩu THẤT BẠI
-- Test PASS --
]]></system-out>
  </testcase>
  <testcase name="testChangePassword_NoOldPassword" classname="SuaDiemTest" time="0.571">
    <system-out><![CDATA[        -- testChangePassword_NoOldPassword --
Actual: Thay đổi mật khẩu THẤT BẠI
Actual: Thay đổi mật khẩu THẤT BẠI
-- Test PASS --
]]></system-out>
  </testcase>
  <testcase name="testChangePassword_IncorrectOldPassword" classname="SuaDiemTest" time="0.023">
    <system-out><![CDATA[        -- TestChangePassword_NoData --
hoan thanh
Actual: Thay đổi mật khẩu THẤT BẠI
Actual: Thay đổi mật khẩu THẤT BẠI
-- Test PASS --
]]></system-out>
    <system-err><![CDATA[thg 12 07, 2024 3:14:33 CH DAO.DoiMK_DAO changePassword
WARNING: Mật khẩu cũ không đúng cho username: userTest
]]></system-err>
  </testcase>
  <testcase name="testChangePassword_NoNewPasswordAndRenewPassword" classname="SuaDiemTest" time="0.524">
    <system-out><![CDATA[        -- TestChangePassword_NoNewPasswordAndRenewPassword --
Actual: Thay đổi mật khẩu THẤT BẠI
Actual: Thay đổi mật khẩu THẤT BẠI
-- Test PASS --
]]></system-out>
  </testcase>
  <testcase name="testChangePassword_NonewPassword" classname="SuaDiemTest" time="0.679">
    <system-out><![CDATA[        -- TesthangePassword_NonewPassword --
Actual: Thay đổi mật khẩu THẤT BẠI
Actual: Thay đổi mật khẩu THẤT BẠI
-- Test PASS --
]]></system-out>
  </testcase>
  <testcase name="testChangePassword_NoRenewPassword" classname="SuaDiemTest" time="0.593">
    <system-out><![CDATA[        -- TestChangePassword_NoRenewPassword --
Actual: Thay đổi mật khẩu THẤT BẠI
Actual: Thay đổi mật khẩu THẤT BẠI
-- Test PASS --
]]></system-out>
  </testcase>
  <testcase name="testChangePassword_Under5LengthNewPassword" classname="SuaDiemTest" time="0.509">
    <system-out><![CDATA[        -- TestChangePassword_Under5LengthNewPassword --
Actual: Thay đổi mật khẩu THẤT BẠI
Actual: Thay đổi mật khẩu THẤT BẠI
-- Test PASS --
]]></system-out>
  </testcase>
  <testcase name="testChangePassword_IncorrectRenewPassword" classname="SuaDiemTest" time="0.456">
    <system-out><![CDATA[        -- TestChangePassword_IncorrectRenewPassword --
Actual: Thay đổi mật khẩu THẤT BẠI
Actual: Thay đổi mật khẩu THẤT BẠI
-- Test PASS --
]]></system-out>
  </testcase>
</testsuite>