<?xml version="1.0" encoding="UTF-8"?>
<testsuite xmlns:xsi="http://www.w3.org/2001/XMLSchema-instance" xsi:noNamespaceSchemaLocation="https://maven.apache.org/surefire/maven-surefire-plugin/xsd/surefire-test-report-3.0.xsd" version="3.0" name="UserBUSTest" time="0.232" tests="2" errors="1" skipped="0" failures="0">
  <properties>
[...]
</properties>
  <testcase name="testSearchUserByUserName_ValidUsername" classname="UserBUSTest" time="0.031">
    <system-out><![CDATA[1.        -- TestSearchUserByUserName_ValidUsername --
-- Tìm thấy tài khoản --
]]></system-out>
  </testcase>
  <testcase name="testSearchUser_ByRole" classname="UserBUSTest" time="0.006">
    <error message="Unresolved compilation problems: &#10;	newUser cannot be resolved&#10;	newUser cannot be resolved&#10;	newUser cannot be resolved&#10;	newUser cannot be resolved&#10;	newUser cannot be resolved&#10;" type="java.lang.Error"><![CDATA[java.lang.Error: 
Unresolved compilation problems: 
	newUser cannot be resolved
	newUser cannot be resolved
	newUser cannot be resolved
	newUser cannot be resolved
	newUser cannot be resolved

	at UserBUSTest.testSearchUser_ByRole(UserBUSTest.java:86)
	at java.base/java.lang.reflect.Method.invoke(Method.java:580)
	at java.base/java.util.ArrayList.forEach(ArrayList.java:1597)
	at java.base/java.util.ArrayList.forEach(ArrayList.java:1597)
]]></error>
  </testcase>
</testsuite>